2026-03-02 23:16:44,048 - equipment_rental - INFO - pipeline_manager.py:101 - Pipeline Manager DB initialized at C:\Users\marcd\Documents\Equipment-Rental-Data-Engineering\artifacts\pipeline_manager\pipeline_manager.db
2026-03-02 23:16:44,048 - equipment_rental - INFO - main.py:25 - Running pipeline for table: Rental_Transactions
2026-03-02 23:16:44,048 - equipment_rental - INFO - medallion_pipeline.py:41 - Pipeline started | table: Rental_Transactions
2026-03-02 23:16:44,068 - equipment_rental - INFO - pipeline_manager.py:233 - Task started | run_id: ingesting Rental_Transactions to bronze_20260302231644
2026-03-02 23:16:44,285 - equipment_rental - INFO - common_utils.py:36 - Saved CSV to 'C:\Users\marcd\Documents\Equipment-Rental-Data-Engineering\artifacts\bronze\Rental_Transactions.csv'
2026-03-02 23:16:44,285 - equipment_rental - INFO - bronze_ingestion.py:30 - Bronze ingestion completed for Excel sheet: Rental_Transactions | rows: 246
2026-03-02 23:16:44,285 - equipment_rental - INFO - pipeline_manager.py:264 - Task completed | run_id: ingesting Rental_Transactions to bronze_20260302231644 | duration=0.21672 sec
2026-03-02 23:16:44,297 - equipment_rental - INFO - pipeline_manager.py:233 - Task started | run_id: bronze to silver Rental_Transactions_20260302231644
2026-03-02 23:16:44,361 - equipment_rental - INFO - silver_validation.py:87 - Rental_Transactions validation completed | Total: 246 | Active: 0, Completed: 64, Cancelled: 3, Quarantined: 179
2026-03-02 23:16:44,375 - equipment_rental - INFO - common_utils.py:36 - Saved CSV to 'C:\Users\marcd\Documents\Equipment-Rental-Data-Engineering\artifacts\silver/Rental_Transactions_completed.csv'
2026-03-02 23:16:44,377 - equipment_rental - INFO - common_utils.py:36 - Saved CSV to 'C:\Users\marcd\Documents\Equipment-Rental-Data-Engineering\artifacts\silver/Rental_Transactions_cancelled.csv'
2026-03-02 23:16:44,381 - equipment_rental - INFO - common_utils.py:36 - Saved CSV to 'C:\Users\marcd\Documents\Equipment-Rental-Data-Engineering\artifacts\silver/Rental_Transactions_all.csv'
2026-03-02 23:16:44,384 - equipment_rental - WARNING - quarantine_handler.py:29 - Quarantine data saved | table: Rental_Transactions | rows: 179 | path: C:\Users\marcd\Documents\Equipment-Rental-Data-Engineering\artifacts\silver\quarantine\Rental_Transactions_quarantine_20260302231644.csv
2026-03-02 23:16:44,384 - equipment_rental - WARNING - silver_transformation.py:63 - 179 rows quarantined | table: Rental_Transactions
2026-03-02 23:16:44,384 - equipment_rental - INFO - silver_transformation.py:65 - Silver transformation completed for Rental_Transactions | Rows: 246
2026-03-02 23:16:44,387 - equipment_rental - INFO - pipeline_manager.py:264 - Task completed | run_id: bronze to silver Rental_Transactions_20260302231644 | duration=0.091838 sec
2026-03-02 23:16:44,394 - equipment_rental - INFO - pipeline_manager.py:233 - Task started | run_id: silver to gold Rental_Transactions_20260302231644
2026-03-02 23:16:44,408 - equipment_rental - INFO - common_utils.py:36 - Saved CSV to 'C:\Users\marcd\Documents\Equipment-Rental-Data-Engineering\artifacts\gold\equipment_aggregation.csv'
2026-03-02 23:16:44,412 - equipment_rental - INFO - common_utils.py:36 - Saved CSV to 'C:\Users\marcd\Documents\Equipment-Rental-Data-Engineering\artifacts\gold\customer_aggregation.csv'
2026-03-02 23:16:44,415 - equipment_rental - INFO - common_utils.py:36 - Saved CSV to 'C:\Users\marcd\Documents\Equipment-Rental-Data-Engineering\artifacts\gold\monthly_aggregation.csv'
2026-03-02 23:16:44,415 - equipment_rental - INFO - gold_aggregation.py:75 - Gold aggregation with utilization completed successfully
2026-03-02 23:16:44,422 - equipment_rental - INFO - pipeline_manager.py:264 - Task completed | run_id: silver to gold Rental_Transactions_20260302231644 | duration=0.025816 sec
2026-03-02 23:16:44,422 - equipment_rental - INFO - medallion_pipeline.py:164 - Pipeline completed successfully | table: Rental_Transactions
2026-03-02 23:16:44,422 - equipment_rental - INFO - main.py:25 - Running pipeline for table: Customer_Master
2026-03-02 23:16:44,422 - equipment_rental - INFO - medallion_pipeline.py:41 - Pipeline started | table: Customer_Master
2026-03-02 23:16:44,431 - equipment_rental - INFO - pipeline_manager.py:233 - Task started | run_id: ingesting Customer_Master to bronze_20260302231644
2026-03-02 23:16:44,450 - equipment_rental - INFO - common_utils.py:36 - Saved CSV to 'C:\Users\marcd\Documents\Equipment-Rental-Data-Engineering\artifacts\bronze\Customer_Master.csv'
2026-03-02 23:16:44,450 - equipment_rental - INFO - bronze_ingestion.py:30 - Bronze ingestion completed for Excel sheet: Customer_Master | rows: 15
2026-03-02 23:16:44,450 - equipment_rental - INFO - pipeline_manager.py:264 - Task completed | run_id: ingesting Customer_Master to bronze_20260302231644 | duration=0.020775 sec
2026-03-02 23:16:44,458 - equipment_rental - INFO - pipeline_manager.py:233 - Task started | run_id: bronze to silver Customer_Master_20260302231644
2026-03-02 23:16:44,459 - equipment_rental - INFO - silver_validation.py:119 - customer_master validation completed | Rows: 0
2026-03-02 23:16:44,462 - equipment_rental - INFO - pipeline_manager.py:264 - Task completed | run_id: bronze to silver Customer_Master_20260302231644 | duration=0.011027 sec
2026-03-02 23:16:44,466 - equipment_rental - INFO - pipeline_manager.py:233 - Task started | run_id: silver to gold Customer_Master_20260302231644
2026-03-02 23:16:44,469 - equipment_rental - INFO - common_utils.py:36 - Saved CSV to 'C:\Users\marcd\Documents\Equipment-Rental-Data-Engineering\artifacts\gold\equipment_aggregation.csv'
2026-03-02 23:16:44,470 - equipment_rental - INFO - common_utils.py:36 - Saved CSV to 'C:\Users\marcd\Documents\Equipment-Rental-Data-Engineering\artifacts\gold\customer_aggregation.csv'
2026-03-02 23:16:44,477 - equipment_rental - INFO - common_utils.py:36 - Saved CSV to 'C:\Users\marcd\Documents\Equipment-Rental-Data-Engineering\artifacts\gold\monthly_aggregation.csv'
2026-03-02 23:16:44,477 - equipment_rental - INFO - gold_aggregation.py:75 - Gold aggregation with utilization completed successfully
2026-03-02 23:16:44,481 - equipment_rental - INFO - pipeline_manager.py:264 - Task completed | run_id: silver to gold Customer_Master_20260302231644 | duration=0.01614 sec
2026-03-02 23:16:44,481 - equipment_rental - INFO - medallion_pipeline.py:164 - Pipeline completed successfully | table: Customer_Master
